2025-08-19 13:41:09,729 | INFO     | core.lifespan | info:44 | Starting up application...
2025-08-19 13:41:10,325 | INFO     | core.lifespan | info:44 | Successfully connected to MongoDB
2025-08-19 13:41:10,341 | INFO     | core.lifespan | info:44 | Beanie initialized successfully
2025-08-19 14:05:49,817 | INFO     | core.lifespan | info:44 | Service factory initialized successfully
2025-08-19 14:05:49,844 | INFO     | core.lifespan | info:44 | Application startup completed successfully
2025-08-19 14:07:56,052 | INFO     | core.lifespan | info:44 | Shutting down application...
2025-08-19 14:07:56,108 | INFO     | core.lifespan | info:44 | MongoDB connection closed
2025-08-19 14:07:56,111 | INFO     | core.lifespan | info:44 | Application shutdown completed successfully
2025-08-25 13:56:27,971 | INFO     | core.lifespan | info:44 | Starting up application...
2025-08-25 13:56:28,560 | INFO     | core.lifespan | info:44 | Successfully connected to MongoDB
2025-08-25 13:56:28,567 | INFO     | core.lifespan | info:44 | Beanie initialized successfully
2025-08-25 13:57:02,954 | INFO     | core.lifespan | info:44 | Service factory initialized successfully
2025-08-25 13:57:02,976 | INFO     | core.lifespan | info:44 | Application startup completed successfully
2025-08-25 14:12:23,892 | INFO     | core.lifespan | info:44 | Shutting down application...
2025-08-25 14:12:23,951 | INFO     | core.lifespan | info:44 | MongoDB connection closed
2025-08-25 14:12:23,953 | INFO     | core.lifespan | info:44 | Application shutdown completed successfully
2025-08-25 14:16:29,345 | INFO     | core.lifespan | info:44 | Starting up application...
2025-08-25 14:16:29,630 | INFO     | core.lifespan | info:44 | Successfully connected to MongoDB
2025-08-25 14:16:29,642 | INFO     | core.lifespan | info:44 | Beanie initialized successfully
2025-08-25 14:17:22,399 | INFO     | core.lifespan | info:44 | Service factory initialized successfully
2025-08-25 14:17:22,467 | INFO     | core.lifespan | info:44 | Application startup completed successfully
2025-08-25 14:19:22,896 | INFO     | core.lifespan | info:44 | Shutting down application...
2025-08-25 14:19:22,954 | INFO     | core.lifespan | info:44 | MongoDB connection closed
2025-08-25 14:19:22,956 | INFO     | core.lifespan | info:44 | Application shutdown completed successfully
2025-08-25 14:26:10,518 | INFO     | core.lifespan | info:44 | Starting up application...
2025-08-25 14:26:10,843 | INFO     | core.lifespan | info:44 | Successfully connected to MongoDB
2025-08-25 14:26:10,857 | INFO     | core.lifespan | info:44 | Beanie initialized successfully
2025-08-25 14:27:11,090 | INFO     | core.lifespan | info:44 | Service factory initialized successfully
2025-08-25 14:27:11,129 | INFO     | core.lifespan | info:44 | Application startup completed successfully
2025-08-25 14:31:14,065 | INFO     | core.lifespan | info:44 | Shutting down application...
2025-08-25 14:31:14,142 | INFO     | core.lifespan | info:44 | MongoDB connection closed
2025-08-25 14:31:14,147 | INFO     | core.lifespan | info:44 | Application shutdown completed successfully
2025-08-25 14:40:16,260 | INFO     | core.lifespan | info:44 | Starting up application...
2025-08-25 14:40:16,592 | INFO     | core.lifespan | info:44 | Successfully connected to MongoDB
2025-08-25 14:40:16,614 | INFO     | core.lifespan | info:44 | Beanie initialized successfully
2025-08-25 14:40:17,341 | ERROR    | core.lifespan | error:50 | Failed to start application: Model config for 'data-CLIP_convnext_xxlarge_laion2B_s34B_b82K_augreg_soup_clip_embeddings.pt' not found in built-ins. Available: ['coca_base', 'coca_roberta-ViT-B-32', 'coca_ViT-B-32', 'coca_ViT-L-14', 'convnext_base', 'convnext_base_w', 'convnext_base_w_320', 'convnext_large', 'convnext_large_d', 'convnext_large_d_320', 'convnext_small', 'convnext_tiny', 'convnext_xlarge', 'convnext_xxlarge', 'convnext_xxlarge_320', 'EVA01-g-14', 'EVA01-g-14-plus', 'EVA02-B-16', 'EVA02-E-14', 'EVA02-E-14-plus', 'EVA02-L-14', 'EVA02-L-14-336', 'MobileCLIP-B', 'MobileCLIP-S1', 'MobileCLIP-S2', 'mt5-base-ViT-B-32', 'mt5-xl-ViT-H-14', 'nllb-clip-base', 'nllb-clip-base-siglip', 'nllb-clip-large', 'nllb-clip-large-siglip', 'PE-Core-B-16', 'PE-Core-bigG-14-448', 'PE-Core-L-14-336', 'PE-Core-S-16-384', 'PE-Core-T-16-384', 'RN50', 'RN50-quickgelu', 'RN50x4', 'RN50x4-quickgelu', 'RN50x16', 'RN50x16-quickgelu', 'RN50x64', 'RN50x64-quickgelu', 'RN101', 'RN101-quickgelu', 'roberta-ViT-B-32', 'swin_base_patch4_window7_224', 'ViT-B-16', 'ViT-B-16-plus', 'ViT-B-16-plus-240', 'ViT-B-16-quickgelu', 'ViT-B-16-SigLIP', 'ViT-B-16-SigLIP2', 'ViT-B-16-SigLIP2-256', 'ViT-B-16-SigLIP2-384', 'ViT-B-16-SigLIP2-512', 'ViT-B-16-SigLIP-256', 'ViT-B-16-SigLIP-384', 'ViT-B-16-SigLIP-512', 'ViT-B-16-SigLIP-i18n-256', 'ViT-B-32', 'ViT-B-32-256', 'ViT-B-32-plus-256', 'ViT-B-32-quickgelu', 'ViT-B-32-SigLIP2-256', 'ViT-bigG-14', 'ViT-bigG-14-CLIPA', 'ViT-bigG-14-CLIPA-336', 'ViT-bigG-14-quickgelu', 'ViT-bigG-14-worldwide', 'ViT-bigG-14-worldwide-378', 'ViT-e-14', 'ViT-g-14', 'ViT-gopt-16-SigLIP2-256', 'ViT-gopt-16-SigLIP2-384', 'ViT-H-14', 'ViT-H-14-378', 'ViT-H-14-378-quickgelu', 'ViT-H-14-CLIPA', 'ViT-H-14-CLIPA-336', 'ViT-H-14-quickgelu', 'ViT-H-14-worldwide', 'ViT-H-14-worldwide-378', 'ViT-H-14-worldwide-quickgelu', 'ViT-H-16', 'ViT-L-14', 'ViT-L-14-280', 'ViT-L-14-336', 'ViT-L-14-336-quickgelu', 'ViT-L-14-CLIPA', 'ViT-L-14-CLIPA-336', 'ViT-L-14-quickgelu', 'ViT-L-14-worldwide', 'ViT-L-14-worldwide-quickgelu', 'ViT-L-16', 'ViT-L-16-320', 'ViT-L-16-SigLIP2-256', 'ViT-L-16-SigLIP2-384', 'ViT-L-16-SigLIP2-512', 'ViT-L-16-SigLIP-256', 'ViT-L-16-SigLIP-384', 'ViT-M-16', 'ViT-M-16-alt', 'ViT-M-32', 'ViT-M-32-alt', 'ViT-S-16', 'ViT-S-16-alt', 'ViT-S-32', 'ViT-S-32-alt', 'ViT-SO400M-14-SigLIP', 'ViT-SO400M-14-SigLIP2', 'ViT-SO400M-14-SigLIP2-378', 'ViT-SO400M-14-SigLIP-378', 'ViT-SO400M-14-SigLIP-384', 'ViT-SO400M-16-SigLIP2-256', 'ViT-SO400M-16-SigLIP2-384', 'ViT-SO400M-16-SigLIP2-512', 'ViT-SO400M-16-SigLIP-i18n-256', 'vit_medium_patch16_gap_256', 'vit_relpos_medium_patch16_cls_224', 'ViTamin-B', 'ViTamin-B-LTT', 'ViTamin-L', 'ViTamin-L2', 'ViTamin-L2-256', 'ViTamin-L2-336', 'ViTamin-L2-384', 'ViTamin-L-256', 'ViTamin-L-336', 'ViTamin-L-384', 'ViTamin-S', 'ViTamin-S-LTT', 'ViTamin-XL-256', 'ViTamin-XL-336', 'ViTamin-XL-384', 'xlm-roberta-base-ViT-B-32', 'xlm-roberta-large-ViT-H-14']
2025-08-25 14:49:50,012 | INFO     | core.lifespan | info:44 | Starting up application...
2025-08-25 14:49:50,223 | INFO     | core.lifespan | info:44 | Successfully connected to MongoDB
2025-08-25 14:49:50,231 | INFO     | core.lifespan | info:44 | Beanie initialized successfully
2025-08-25 14:50:41,657 | INFO     | core.lifespan | info:44 | Service factory initialized successfully
2025-08-25 14:50:41,683 | INFO     | core.lifespan | info:44 | Application startup completed successfully
2025-08-25 15:24:18,843 | INFO     | core.lifespan | info:44 | Shutting down application...
2025-08-25 15:24:19,801 | INFO     | core.lifespan | info:44 | MongoDB connection closed
2025-08-25 15:24:19,803 | INFO     | core.lifespan | info:44 | Application shutdown completed successfully
2025-08-25 15:31:57,618 | INFO     | core.lifespan | info:44 | Starting up application...
2025-08-25 15:31:57,917 | INFO     | core.lifespan | info:44 | Successfully connected to MongoDB
2025-08-25 15:31:57,937 | INFO     | core.lifespan | info:44 | Beanie initialized successfully
2025-08-25 15:32:07,500 | INFO     | core.lifespan | info:44 | Service factory initialized successfully
2025-08-25 15:32:07,502 | INFO     | core.lifespan | info:44 | Application startup completed successfully
2025-08-25 15:46:22,265 | INFO     | core.lifespan | info:44 | Shutting down application...
2025-08-25 15:46:22,267 | INFO     | core.lifespan | info:44 | MongoDB connection closed
2025-08-25 15:46:22,269 | INFO     | core.lifespan | info:44 | Application shutdown completed successfully
2025-08-25 15:48:41,972 | INFO     | core.lifespan | info:44 | Starting up application...
2025-08-25 15:48:42,234 | INFO     | core.lifespan | info:44 | Successfully connected to MongoDB
2025-08-25 15:48:42,250 | INFO     | core.lifespan | info:44 | Beanie initialized successfully
2025-08-25 15:48:49,011 | INFO     | core.lifespan | info:44 | Service factory initialized successfully
2025-08-25 15:48:49,012 | INFO     | core.lifespan | info:44 | Application startup completed successfully
2025-08-25 15:49:11,369 | INFO     | core.lifespan | info:44 | Shutting down application...
2025-08-25 15:49:11,375 | INFO     | core.lifespan | info:44 | MongoDB connection closed
2025-08-25 15:49:11,377 | INFO     | core.lifespan | info:44 | Application shutdown completed successfully
2025-08-25 15:51:22,582 | INFO     | core.lifespan | info:44 | Starting up application...
2025-08-25 15:51:22,808 | INFO     | core.lifespan | info:44 | Successfully connected to MongoDB
2025-08-25 15:51:22,820 | INFO     | core.lifespan | info:44 | Beanie initialized successfully
2025-08-25 15:51:26,607 | INFO     | core.lifespan | info:44 | Service factory initialized successfully
2025-08-25 15:51:26,608 | INFO     | core.lifespan | info:44 | Application startup completed successfully
2025-08-25 15:53:36,778 | INFO     | core.lifespan | info:44 | Shutting down application...
2025-08-25 15:53:36,783 | INFO     | core.lifespan | info:44 | MongoDB connection closed
2025-08-25 15:53:36,787 | INFO     | core.lifespan | info:44 | Application shutdown completed successfully
2025-08-25 15:55:41,698 | INFO     | core.lifespan | info:44 | Starting up application...
2025-08-25 15:55:41,853 | INFO     | core.lifespan | info:44 | Successfully connected to MongoDB
2025-08-25 15:55:41,860 | INFO     | core.lifespan | info:44 | Beanie initialized successfully
2025-08-25 15:55:45,406 | INFO     | core.lifespan | info:44 | Service factory initialized successfully
2025-08-25 15:55:45,407 | INFO     | core.lifespan | info:44 | Application startup completed successfully
2025-08-25 15:56:40,616 | INFO     | core.lifespan | info:44 | Shutting down application...
2025-08-25 15:56:40,621 | INFO     | core.lifespan | info:44 | MongoDB connection closed
2025-08-25 15:56:40,624 | INFO     | core.lifespan | info:44 | Application shutdown completed successfully
2025-08-25 15:58:52,513 | INFO     | core.lifespan | info:44 | Starting up application...
2025-08-25 15:58:52,760 | INFO     | core.lifespan | info:44 | Successfully connected to MongoDB
2025-08-25 15:58:52,768 | INFO     | core.lifespan | info:44 | Beanie initialized successfully
2025-08-25 15:58:56,409 | INFO     | core.lifespan | info:44 | Service factory initialized successfully
2025-08-25 15:58:56,411 | INFO     | core.lifespan | info:44 | Application startup completed successfully
2025-08-25 15:59:14,964 | INFO     | core.lifespan | info:44 | Shutting down application...
2025-08-25 15:59:14,967 | INFO     | core.lifespan | info:44 | MongoDB connection closed
2025-08-25 15:59:14,968 | INFO     | core.lifespan | info:44 | Application shutdown completed successfully
2025-08-25 16:06:18,388 | INFO     | core.lifespan | info:44 | Starting up application...
2025-08-25 16:06:18,597 | INFO     | core.lifespan | info:44 | Successfully connected to MongoDB
2025-08-25 16:06:18,607 | INFO     | core.lifespan | info:44 | Beanie initialized successfully
2025-08-25 16:06:22,228 | INFO     | core.lifespan | info:44 | Service factory initialized successfully
2025-08-25 16:06:22,230 | INFO     | core.lifespan | info:44 | Application startup completed successfully
2025-08-25 16:21:36,640 | INFO     | core.lifespan | info:44 | Shutting down application...
2025-08-25 16:21:36,645 | INFO     | core.lifespan | info:44 | MongoDB connection closed
2025-08-25 16:21:36,648 | INFO     | core.lifespan | info:44 | Application shutdown completed successfully
2025-08-28 12:45:05,475 | INFO     | core.lifespan | info:44 | Starting up application...
2025-08-28 12:45:05,694 | INFO     | core.lifespan | info:44 | Successfully connected to MongoDB
2025-08-28 12:45:05,705 | INFO     | core.lifespan | info:44 | Beanie initialized successfully
2025-08-28 12:45:07,679 | INFO     | core.lifespan | info:44 | Service factory initialized successfully
2025-08-28 12:45:07,682 | INFO     | core.lifespan | info:44 | Application startup completed successfully
2025-08-28 13:06:49,627 | INFO     | core.lifespan | info:44 | Shutting down application...
2025-08-28 13:06:49,634 | INFO     | core.lifespan | info:44 | MongoDB connection closed
2025-08-28 13:06:49,638 | INFO     | core.lifespan | info:44 | Application shutdown completed successfully
2025-08-30 03:23:12,408 | INFO     | core.lifespan | info:44 | Starting up application...
2025-08-30 03:23:13,032 | INFO     | core.lifespan | info:44 | Successfully connected to MongoDB
2025-08-30 03:23:13,041 | INFO     | core.lifespan | info:44 | Beanie initialized successfully
2025-08-30 03:23:19,280 | INFO     | core.lifespan | info:44 | Service factory initialized successfully
2025-08-30 03:23:19,282 | INFO     | core.lifespan | info:44 | Application startup completed successfully
2025-08-30 03:44:35,680 | INFO     | core.lifespan | info:44 | Shutting down application...
2025-08-30 03:44:35,689 | INFO     | core.lifespan | info:44 | MongoDB connection closed
2025-08-30 03:44:35,694 | INFO     | core.lifespan | info:44 | Application shutdown completed successfully
